2022-01-02 22:29:59,148 INFO app: Servo Train Switch: servo_0 @ Pin : 7 is started...
2022-01-02 22:29:59,159 INFO app: Servo Train Switch: servo_1 @ Pin : 11 is started...
2022-01-02 22:29:59,169 INFO app: Servo Train Switch: servo_2 @ Pin : 13 is started...
2022-01-02 22:29:59,179 INFO app: Servo Train Switch: servo_3 @ Pin : 15 is started...
2022-01-02 22:29:59,191 INFO app: Relay Train Switch: relay_0 @ Pin : (16, 18) is started...
2022-01-02 22:29:59,203 INFO app: Relay Train Switch: relay_1 @ Pin : (29, 31) is started...
2022-01-02 22:29:59,216 INFO app: Relay Train Switch: relay_2 @ Pin : (33, 37) is started...
2022-01-02 22:29:59,228 INFO app: Relay Train Switch: relay_3 @ Pin : (22, 32) is started...
2022-01-02 22:29:59,241 INFO app: Relay Train Switch: relay_4 @ Pin : (3, 5) is started...
2022-01-02 22:29:59,253 INFO app: Relay Train Switch: relay_5 @ Pin : (8, 10) is started...
2022-01-02 22:29:59,275 INFO werkzeug:  * Running on http://0.0.0.0:5000/ (Press CTRL+C to quit)
2022-01-02 22:30:01,787 INFO app: Servo Train Switch: servo_1 @ Pin : 11: 
++++ initial state: None 
++++ action: Straight 
++++ update: 180.0
2022-01-02 22:30:01,889 INFO werkzeug: 192.168.1.69 - - [02/Jan/2022 22:30:01] "[37mPOST / HTTP/1.1[0m" 200 -
2022-01-02 22:30:04,953 INFO app: Servo Train Switch: servo_1 @ Pin : 11: 
++++ initial state: Straight 
++++ action: Turn 
++++ update: 100.0
2022-01-02 22:30:04,964 INFO werkzeug: 192.168.1.69 - - [02/Jan/2022 22:30:04] "[37mPOST / HTTP/1.1[0m" 200 -
2022-01-02 22:30:05,774 INFO app: Servo Train Switch: servo_1 @ Pin : 11: 
++++ initial state: Turn 
++++ action: Straight 
++++ update: 180.0
2022-01-02 22:30:05,784 INFO werkzeug: 192.168.1.69 - - [02/Jan/2022 22:30:05] "[37mPOST / HTTP/1.1[0m" 200 -
2022-01-02 22:30:07,681 INFO werkzeug: 192.168.1.69 - - [02/Jan/2022 22:30:07] "[37mGET /log/ HTTP/1.1[0m" 200 -
